[Mon, 09 Apr 18 00:55:14 +0700][ERROR] [2]: EditController handler class cannot be loaded

[Mon, 09 Apr 18 00:57:33 +0700][ERROR] [2]: EditController handler class cannot be loaded

[Mon, 09 Apr 18 00:57:39 +0700][ERROR] [2]: EditController handler class cannot be loaded

[Mon, 09 Apr 18 00:57:59 +0700][ERROR] [2]: EditController handler class cannot be loaded

[Mon, 09 Apr 18 00:58:31 +0700][ERROR] [2]: EditController handler class cannot be loaded

[Mon, 09 Apr 18 01:13:01 +0700][ERROR] [2]: ImgController handler class cannot be loaded

[Mon, 09 Apr 18 01:13:26 +0700][ERROR] [2]: ImgController handler class cannot be loaded

[Mon, 09 Apr 18 01:13:28 +0700][ERROR] [2]: ImgController handler class cannot be loaded

[Mon, 09 Apr 18 01:34:23 +0700][ERROR] [2]: VendorController handler class cannot be loaded

[Mon, 09 Apr 18 01:34:41 +0700][ERROR] [2]: VendorController handler class cannot be loaded

[Mon, 09 Apr 18 01:37:47 +0700][ERROR] [2]: VendorController handler class cannot be loaded

[Mon, 09 Apr 18 01:37:47 +0700][ERROR] [2]: VendorController handler class cannot be loaded

[Mon, 09 Apr 18 01:38:03 +0700][ERROR] [2]: VendorController handler class cannot be loaded

[Mon, 09 Apr 18 01:38:57 +0700][ERROR] [2]: JsController handler class cannot be loaded

[Mon, 09 Apr 18 01:38:57 +0700][ERROR] [2]: JsController handler class cannot be loaded

[Mon, 09 Apr 18 01:42:14 +0700][ERROR] [2]: VendorController handler class cannot be loaded

[Mon, 09 Apr 18 01:42:14 +0700][ERROR] [2]: VendorController handler class cannot be loaded

[Mon, 09 Apr 18 01:42:15 +0700][ERROR] [2]: VendorController handler class cannot be loaded

[Mon, 09 Apr 18 01:42:15 +0700][ERROR] [2]: VendorController handler class cannot be loaded

[Mon, 09 Apr 18 01:42:17 +0700][ERROR] [2]: VendorController handler class cannot be loaded

[Mon, 09 Apr 18 01:42:17 +0700][ERROR] [2]: VendorController handler class cannot be loaded

[Mon, 09 Apr 18 13:01:18 +0700][ERROR] [2]: CssController handler class cannot be loaded

[Mon, 09 Apr 18 13:01:22 +0700][ERROR] [2]: CssController handler class cannot be loaded

[Mon, 09 Apr 18 13:01:22 +0700][ERROR] [2]: CssController handler class cannot be loaded

[Mon, 09 Apr 18 13:01:44 +0700][ERROR] [2]: CssController handler class cannot be loaded

[Mon, 09 Apr 18 13:07:06 +0700][ERROR] [2]: Lab3Controller handler class cannot be loaded

[Mon, 09 Apr 18 13:07:51 +0700][ERROR] [2]: CssController handler class cannot be loaded

[Mon, 09 Apr 18 13:07:51 +0700][ERROR] [2]: CssController handler class cannot be loaded

[Mon, 09 Apr 18 13:08:01 +0700][ERROR] [2]: CssController handler class cannot be loaded

[Mon, 09 Apr 18 13:08:01 +0700][ERROR] [2]: CssController handler class cannot be loaded

[Mon, 09 Apr 18 13:08:27 +0700][ERROR] [2]: CssController handler class cannot be loaded

[Mon, 09 Apr 18 13:08:27 +0700][ERROR] [2]: CssController handler class cannot be loaded

[Mon, 09 Apr 18 13:08:41 +0700][ERROR] [2]: CssController handler class cannot be loaded

[Mon, 09 Apr 18 13:08:41 +0700][ERROR] [2]: CssController handler class cannot be loaded

[Mon, 09 Apr 18 13:10:54 +0700][ERROR] [2]: CssController handler class cannot be loaded

[Mon, 09 Apr 18 13:10:54 +0700][ERROR] [2]: CssController handler class cannot be loaded

[Mon, 09 Apr 18 13:11:35 +0700][ERROR] [2]: CssController handler class cannot be loaded

[Mon, 09 Apr 18 13:11:35 +0700][ERROR] [2]: CssController handler class cannot be loaded

[Mon, 09 Apr 18 13:11:37 +0700][ERROR] [2]: CssController handler class cannot be loaded

[Mon, 09 Apr 18 13:11:37 +0700][ERROR] [2]: CssController handler class cannot be loaded

[Mon, 09 Apr 18 13:11:40 +0700][ERROR] [2]: CssController handler class cannot be loaded

[Mon, 09 Apr 18 13:11:40 +0700][ERROR] [2]: CssController handler class cannot be loaded

[Mon, 09 Apr 18 13:11:42 +0700][ERROR] [2]: JsController handler class cannot be loaded

[Mon, 09 Apr 18 13:11:42 +0700][ERROR] [2]: CssController handler class cannot be loaded

[Mon, 09 Apr 18 13:11:42 +0700][ERROR] [2]: CssController handler class cannot be loaded

[Mon, 09 Apr 18 13:11:45 +0700][ERROR] [2]: CssController handler class cannot be loaded

[Mon, 09 Apr 18 13:11:45 +0700][ERROR] [2]: CssController handler class cannot be loaded

[Mon, 09 Apr 18 13:11:55 +0700][ERROR] [2]: CssController handler class cannot be loaded

[Mon, 09 Apr 18 13:11:55 +0700][ERROR] [2]: CssController handler class cannot be loaded

[Mon, 09 Apr 18 13:12:05 +0700][ERROR] [2]: CssController handler class cannot be loaded

[Mon, 09 Apr 18 13:12:05 +0700][ERROR] [2]: CssController handler class cannot be loaded

[Mon, 09 Apr 18 13:13:42 +0700][ERROR] [2]: CssController handler class cannot be loaded

[Mon, 09 Apr 18 13:13:42 +0700][ERROR] [2]: CssController handler class cannot be loaded

[Mon, 09 Apr 18 13:14:04 +0700][ERROR] [2]: CssController handler class cannot be loaded

[Mon, 09 Apr 18 13:14:04 +0700][ERROR] [2]: CssController handler class cannot be loaded

[Mon, 09 Apr 18 13:15:24 +0700][ERROR] [2]: CssController handler class cannot be loaded

[Mon, 09 Apr 18 13:15:24 +0700][ERROR] [2]: CssController handler class cannot be loaded

[Mon, 09 Apr 18 13:15:27 +0700][ERROR] [2]: CssController handler class cannot be loaded

[Mon, 09 Apr 18 13:15:27 +0700][ERROR] [2]: CssController handler class cannot be loaded

[Mon, 09 Apr 18 13:15:50 +0700][ERROR] [2]: CssController handler class cannot be loaded

[Mon, 09 Apr 18 13:15:50 +0700][ERROR] [2]: CssController handler class cannot be loaded

[Mon, 09 Apr 18 13:18:43 +0700][ERROR] [2]: CssController handler class cannot be loaded

[Mon, 09 Apr 18 13:18:43 +0700][ERROR] [2]: CssController handler class cannot be loaded

[Mon, 09 Apr 18 13:18:53 +0700][ERROR] [2]: CssController handler class cannot be loaded

[Mon, 09 Apr 18 13:18:53 +0700][ERROR] [2]: CssController handler class cannot be loaded

[Mon, 09 Apr 18 13:20:40 +0700][ERROR] [2]: CssController handler class cannot be loaded

[Mon, 09 Apr 18 13:20:40 +0700][ERROR] [2]: CssController handler class cannot be loaded

[Mon, 09 Apr 18 13:22:40 +0700][ERROR] [2]: CssController handler class cannot be loaded

[Mon, 09 Apr 18 13:22:41 +0700][ERROR] [2]: JsController handler class cannot be loaded

[Mon, 09 Apr 18 13:22:42 +0700][ERROR] [2]: CssController handler class cannot be loaded

[Mon, 09 Apr 18 13:22:42 +0700][ERROR] [2]: JsController handler class cannot be loaded

[Mon, 09 Apr 18 13:23:55 +0700][ERROR] [2]: CssController handler class cannot be loaded

[Mon, 09 Apr 18 13:23:55 +0700][ERROR] [2]: CssController handler class cannot be loaded

[Mon, 09 Apr 18 13:24:56 +0700][ERROR] [2]: CssController handler class cannot be loaded

[Mon, 09 Apr 18 13:25:14 +0700][ERROR] [2]: CssController handler class cannot be loaded

[Mon, 09 Apr 18 13:26:37 +0700][ERROR] [5]: Action 'authen' was not found on handler 'event'

[Mon, 09 Apr 18 13:26:41 +0700][ERROR] [2]: CssController handler class cannot be loaded

[Mon, 09 Apr 18 13:26:41 +0700][ERROR] [2]: CssController handler class cannot be loaded

[Mon, 09 Apr 18 13:28:26 +0700][ERROR] [2]: CssController handler class cannot be loaded

[Mon, 09 Apr 18 13:28:26 +0700][ERROR] [2]: CssController handler class cannot be loaded

[Mon, 09 Apr 18 13:28:34 +0700][ERROR] [2]: CssController handler class cannot be loaded

[Mon, 09 Apr 18 13:28:46 +0700][ERROR] [2]: CssController handler class cannot be loaded

[Mon, 09 Apr 18 13:28:46 +0700][ERROR] [2]: CssController handler class cannot be loaded

[Mon, 09 Apr 18 13:30:50 +0700][ERROR] [2]: CssController handler class cannot be loaded

[Mon, 09 Apr 18 13:31:08 +0700][ERROR] [2]: CssController handler class cannot be loaded

[Mon, 09 Apr 18 13:31:40 +0700][ERROR] [2]: CssController handler class cannot be loaded

[Mon, 09 Apr 18 13:32:24 +0700][ERROR] [2]: CssController handler class cannot be loaded

[Mon, 09 Apr 18 13:32:31 +0700][ERROR] [2]: CssController handler class cannot be loaded

[Mon, 09 Apr 18 13:32:31 +0700][ERROR] [2]: CssController handler class cannot be loaded

[Mon, 09 Apr 18 13:34:59 +0700][ERROR] [2]: CssController handler class cannot be loaded

[Mon, 09 Apr 18 13:34:59 +0700][ERROR] [2]: CssController handler class cannot be loaded

[Mon, 09 Apr 18 13:35:02 +0700][ERROR] [2]: CssController handler class cannot be loaded

[Mon, 09 Apr 18 13:35:02 +0700][ERROR] [2]: CssController handler class cannot be loaded

[Mon, 09 Apr 18 13:37:00 +0700][ERROR] [2]: CssController handler class cannot be loaded

[Mon, 09 Apr 18 13:39:26 +0700][ERROR] [2]: CssController handler class cannot be loaded

[Mon, 09 Apr 18 13:39:34 +0700][ERROR] [2]: CssController handler class cannot be loaded

[Mon, 09 Apr 18 13:39:51 +0700][ERROR] [2]: CssController handler class cannot be loaded

[Mon, 09 Apr 18 13:39:52 +0700][ERROR] [2]: CssController handler class cannot be loaded

[Mon, 09 Apr 18 13:40:21 +0700][ERROR] [2]: CssController handler class cannot be loaded

[Mon, 09 Apr 18 13:40:21 +0700][ERROR] [2]: CssController handler class cannot be loaded

[Mon, 09 Apr 18 13:40:26 +0700][ERROR] [2]: CssController handler class cannot be loaded

[Mon, 09 Apr 18 13:40:31 +0700][ERROR] [2]: CssController handler class cannot be loaded

[Mon, 09 Apr 18 13:40:38 +0700][ERROR] [2]: CssController handler class cannot be loaded

[Mon, 09 Apr 18 13:40:38 +0700][ERROR] [2]: ImgController handler class cannot be loaded

[Mon, 09 Apr 18 13:41:11 +0700][ERROR] [2]: CssController handler class cannot be loaded

[Mon, 09 Apr 18 13:41:11 +0700][ERROR] [2]: CssController handler class cannot be loaded

[Mon, 09 Apr 18 13:41:14 +0700][ERROR] [2]: CssController handler class cannot be loaded

[Mon, 09 Apr 18 13:41:36 +0700][ERROR] [2]: CssController handler class cannot be loaded

[Mon, 09 Apr 18 13:41:46 +0700][ERROR] [2]: CssController handler class cannot be loaded

[Mon, 09 Apr 18 13:41:53 +0700][ERROR] [2]: CssController handler class cannot be loaded

[Mon, 09 Apr 18 13:44:37 +0700][ERROR] [2]: CssController handler class cannot be loaded

[Mon, 09 Apr 18 13:46:18 +0700][ERROR] [2]: CssController handler class cannot be loaded

[Mon, 09 Apr 18 13:51:16 +0700][ERROR] [2]: CssController handler class cannot be loaded

[Mon, 09 Apr 18 13:51:36 +0700][ERROR] [2]: CssController handler class cannot be loaded

[Mon, 09 Apr 18 13:51:36 +0700][ERROR] [2]: CssController handler class cannot be loaded

[Mon, 09 Apr 18 13:51:43 +0700][ERROR] [2]: CssController handler class cannot be loaded

[Mon, 09 Apr 18 13:51:43 +0700][ERROR] [2]: CssController handler class cannot be loaded

[Mon, 09 Apr 18 13:53:40 +0700][ERROR] [2]: CssController handler class cannot be loaded

[Mon, 09 Apr 18 13:53:55 +0700][ERROR] [2]: CssController handler class cannot be loaded

[Mon, 09 Apr 18 13:55:34 +0700][ERROR] [2]: CssController handler class cannot be loaded

[Mon, 09 Apr 18 13:55:34 +0700][ERROR] [2]: CssController handler class cannot be loaded

[Mon, 09 Apr 18 13:56:02 +0700][ERROR] [2]: CssController handler class cannot be loaded

[Mon, 09 Apr 18 13:56:02 +0700][ERROR] [2]: CssController handler class cannot be loaded

[Mon, 09 Apr 18 13:56:20 +0700][ERROR] [2]: CssController handler class cannot be loaded

[Mon, 09 Apr 18 13:57:55 +0700][ERROR] [2]: CssController handler class cannot be loaded

[Mon, 09 Apr 18 13:59:10 +0700][ERROR] [2]: CssController handler class cannot be loaded

[Mon, 09 Apr 18 13:59:10 +0700][ERROR] [2]: CssController handler class cannot be loaded

[Mon, 09 Apr 18 13:59:19 +0700][ERROR] [2]: CssController handler class cannot be loaded

[Mon, 09 Apr 18 13:59:49 +0700][ERROR] [2]: CssController handler class cannot be loaded

[Mon, 09 Apr 18 13:59:49 +0700][ERROR] [2]: CssController handler class cannot be loaded

[Mon, 09 Apr 18 14:00:19 +0700][ERROR] [2]: CssController handler class cannot be loaded

[Mon, 09 Apr 18 14:00:28 +0700][ERROR] [2]: CssController handler class cannot be loaded

[Mon, 09 Apr 18 14:01:25 +0700][ERROR] [2]: CssController handler class cannot be loaded

[Mon, 09 Apr 18 14:01:57 +0700][ERROR] [2]: CssController handler class cannot be loaded

[Mon, 09 Apr 18 14:01:57 +0700][ERROR] [2]: CssController handler class cannot be loaded

[Mon, 09 Apr 18 14:03:13 +0700][ERROR] [2]: CssController handler class cannot be loaded

[Mon, 09 Apr 18 14:11:09 +0700][ERROR] [2]: CssController handler class cannot be loaded

[Mon, 09 Apr 18 14:11:13 +0700][ERROR] [2]: CssController handler class cannot be loaded

[Mon, 09 Apr 18 14:18:41 +0700][ERROR] [2]: CssController handler class cannot be loaded

[Mon, 09 Apr 18 14:19:10 +0700][ERROR] [2]: CssController handler class cannot be loaded

[Mon, 09 Apr 18 14:19:10 +0700][ERROR] [2]: CssController handler class cannot be loaded

[Mon, 09 Apr 18 14:19:12 +0700][ERROR] [2]: CssController handler class cannot be loaded

[Mon, 09 Apr 18 14:19:50 +0700][ERROR] [2]: CssController handler class cannot be loaded

[Mon, 09 Apr 18 14:19:53 +0700][ERROR] [2]: CssController handler class cannot be loaded

[Mon, 09 Apr 18 14:19:53 +0700][ERROR] [2]: CssController handler class cannot be loaded

[Mon, 09 Apr 18 14:20:07 +0700][ERROR] [2]: CssController handler class cannot be loaded

[Mon, 09 Apr 18 14:20:07 +0700][ERROR] [2]: CssController handler class cannot be loaded

[Mon, 09 Apr 18 14:20:30 +0700][ERROR] [2]: CssController handler class cannot be loaded

[Mon, 09 Apr 18 14:20:30 +0700][ERROR] [2]: CssController handler class cannot be loaded

[Mon, 09 Apr 18 14:20:59 +0700][ERROR] [5]: Action 'authen' was not found on handler 'event'

[Mon, 09 Apr 18 14:21:09 +0700][ERROR] [2]: CssController handler class cannot be loaded

[Mon, 09 Apr 18 14:21:42 +0700][ERROR] [2]: CssController handler class cannot be loaded

[Mon, 09 Apr 18 14:26:32 +0700][ERROR] [2]: CssController handler class cannot be loaded

[Mon, 09 Apr 18 14:26:42 +0700][ERROR] [2]: CssController handler class cannot be loaded

[Mon, 09 Apr 18 14:26:43 +0700][ERROR] [2]: CssController handler class cannot be loaded

[Mon, 09 Apr 18 14:26:43 +0700][ERROR] [2]: CssController handler class cannot be loaded

[Mon, 09 Apr 18 14:26:43 +0700][ERROR] [2]: CssController handler class cannot be loaded

[Mon, 09 Apr 18 14:26:44 +0700][ERROR] [2]: CssController handler class cannot be loaded

[Mon, 09 Apr 18 14:26:44 +0700][ERROR] [2]: CssController handler class cannot be loaded

[Mon, 09 Apr 18 14:26:44 +0700][ERROR] [2]: CssController handler class cannot be loaded

[Mon, 09 Apr 18 14:26:44 +0700][ERROR] [2]: CssController handler class cannot be loaded

[Mon, 09 Apr 18 14:26:44 +0700][ERROR] [2]: CssController handler class cannot be loaded

[Mon, 09 Apr 18 14:26:44 +0700][ERROR] [2]: CssController handler class cannot be loaded

[Mon, 09 Apr 18 14:26:44 +0700][ERROR] [2]: CssController handler class cannot be loaded

[Mon, 09 Apr 18 14:26:44 +0700][ERROR] [2]: CssController handler class cannot be loaded

[Mon, 09 Apr 18 14:27:37 +0700][ERROR] [2]: CssController handler class cannot be loaded

[Mon, 09 Apr 18 14:28:06 +0700][ERROR] [2]: CssController handler class cannot be loaded

[Mon, 09 Apr 18 14:28:07 +0700][ERROR] [2]: CssController handler class cannot be loaded

[Mon, 09 Apr 18 14:28:56 +0700][ERROR] [2]: CssController handler class cannot be loaded

[Mon, 09 Apr 18 14:28:56 +0700][ERROR] [2]: CssController handler class cannot be loaded

[Mon, 09 Apr 18 14:28:59 +0700][ERROR] [2]: CssController handler class cannot be loaded

[Mon, 09 Apr 18 14:28:59 +0700][ERROR] [2]: CssController handler class cannot be loaded

[Mon, 09 Apr 18 14:29:17 +0700][ERROR] [2]: CssController handler class cannot be loaded

[Mon, 09 Apr 18 14:29:17 +0700][ERROR] [2]: CssController handler class cannot be loaded

[Mon, 09 Apr 18 14:29:21 +0700][ERROR] [2]: CssController handler class cannot be loaded

[Mon, 09 Apr 18 14:29:21 +0700][ERROR] [2]: CssController handler class cannot be loaded

[Mon, 09 Apr 18 14:30:04 +0700][ERROR] [2]: CssController handler class cannot be loaded

[Mon, 09 Apr 18 14:30:57 +0700][ERROR] [2]: CssController handler class cannot be loaded

[Mon, 09 Apr 18 14:31:04 +0700][ERROR] [2]: CssController handler class cannot be loaded

[Mon, 09 Apr 18 14:31:09 +0700][ERROR] [2]: CssController handler class cannot be loaded

[Mon, 09 Apr 18 14:31:09 +0700][ERROR] [2]: CssController handler class cannot be loaded

[Mon, 09 Apr 18 14:31:21 +0700][ERROR] [2]: CssController handler class cannot be loaded

[Mon, 09 Apr 18 14:31:21 +0700][ERROR] [2]: CssController handler class cannot be loaded

[Mon, 09 Apr 18 14:32:15 +0700][ERROR] [2]: CssController handler class cannot be loaded

[Mon, 09 Apr 18 14:32:26 +0700][ERROR] [2]: CssController handler class cannot be loaded

[Mon, 09 Apr 18 14:32:26 +0700][ERROR] [2]: CssController handler class cannot be loaded

[Mon, 09 Apr 18 14:43:18 +0700][ERROR] [2]: CssController handler class cannot be loaded

[Mon, 09 Apr 18 14:43:28 +0700][ERROR] [2]: CssController handler class cannot be loaded

[Mon, 09 Apr 18 14:48:21 +0700][ERROR] [2]: CssController handler class cannot be loaded

[Mon, 09 Apr 18 14:48:27 +0700][ERROR] [2]: CssController handler class cannot be loaded

[Mon, 09 Apr 18 14:48:28 +0700][ERROR] [2]: CssController handler class cannot be loaded

[Mon, 09 Apr 18 14:49:28 +0700][ERROR] [2]: CssController handler class cannot be loaded

[Mon, 09 Apr 18 14:49:30 +0700][ERROR] [2]: CssController handler class cannot be loaded

[Mon, 09 Apr 18 14:49:51 +0700][ERROR] [2]: CssController handler class cannot be loaded

[Mon, 09 Apr 18 14:50:16 +0700][ERROR] [2]: CssController handler class cannot be loaded

[Mon, 09 Apr 18 14:50:16 +0700][ERROR] [2]: CssController handler class cannot be loaded

[Mon, 09 Apr 18 14:50:27 +0700][ERROR] [2]: CssController handler class cannot be loaded

[Mon, 09 Apr 18 14:50:27 +0700][ERROR] [2]: CssController handler class cannot be loaded

